<?xml version="1.0" encoding="UTF-8"?>
<!-- Generated by org.testng.reporters.JUnitReportReporter -->
<testsuite hostname="USBLRSHREDESH3" failures="0" tests="12" name="Methods" time="17.224" errors="0" timestamp="2022-03-28T10:25:29 IST" skipped="0">
  <testcase classname="Methods" name="login" time="4.260"/>
  <system-out/>
  <testcase classname="Methods" name="dropdown" time="0.154"/>
  <system-out>
    <![CDATA[This is log]]>
  </system-out>
  <testcase classname="Methods" name="addtoCart" time="0.080"/>
  <system-out/>
  <testcase classname="Methods" name="Choosehighest" time="2.174"/>
  <system-out/>
  <testcase classname="Methods" name="cart" time="2.127"/>
  <system-out/>
  <testcase classname="Methods" name="continueShopping" time="2.158"/>
  <system-out/>
  <testcase classname="Methods" name="dropdownLowest" time="1.183"/>
  <system-out/>
  <testcase classname="Methods" name="cart1" time="2.129"/>
  <system-out/>
  <testcase classname="Methods" name="checkout" time="0.130"/>
  <system-out/>
  <testcase classname="Methods" name="checkoutInfo" time="0.627"/>
  <system-out/>
  <testcase classname="Methods" name="finish" time="2.138"/>
  <system-out/>
  <testcase classname="Methods" name="msgCheck" time="0.064"/>
  <system-out/>
</testsuite> <!-- Methods -->
